<?xml version="1.0" encoding="UTF-8"?>
<!-- Generated by org.testng.reporters.JUnitReportReporter -->
<testsuite hostname="DESKTOP-E1CQAVV" failures="0" tests="1" name="driverFactory.TestScript" time="46.305" errors="0" timestamp="2023-04-15T14:05:46 IST" skipped="0">
  <testcase classname="driverFactory.TestScript" name="startTest" time="46.305"/>
  <system-out>
    <![CDATA[No of rows are::11
Add Employee Success::19612  19612
Add Employee Success::19613  19613
Add Employee Success::19614  19614
Add Employee Success::19615  19615
Add Employee Success::19616  19616
Add Employee Success::19617  19617
Add Employee Success::19618  19618
Add Employee Success::19619  19619
Add Employee Success::19620  19620
Add Employee Success::19621  19621
Add Employee Success::19622  19622]]>
  </system-out>
</testsuite> <!-- driverFactory.TestScript -->
